<?xml version="1.0" encoding="UTF-8" ?>
<testsuite tests="0" failures="0" name="Test" time="0" errors="0" skipped="0">
  <properties>
    <property name="idea.version" value="2020.3.3"/>
    <property name="java.runtime.name" value="Java(TM) SE Runtime Environment"/>
    <property name="sun.boot.library.path" value="F:\java\jdk1.8.0_172\jre\bin"/>
    <property name="java.vm.version" value="25.172-b11"/>
    <property name="java.vm.vendor" value="Oracle Corporation"/>
    <property name="maven.multiModuleProjectDirectory" value="C:\Users\Ouyang\Desktop\Work\Repair\PurityAnalysis"/>
    <property name="java.vendor.url" value="http://java.oracle.com/"/>
    <property name="path.separator" value=";"/>
    <property name="guice.disable.misplaced.annotation.check" value="true"/>
    <property name="java.vm.name" value="Java HotSpot(TM) 64-Bit Server VM"/>
    <property name="file.encoding.pkg" value="sun.io"/>
    <property name="user.script" value=""/>
    <property name="user.country" value="CN"/>
    <property name="sun.java.launcher" value="SUN_STANDARD"/>
    <property name="sun.os.patch.level" value=""/>
    <property name="java.vm.specification.name" value="Java Virtual Machine Specification"/>
    <property name="user.dir" value="C:\Users\Ouyang\Desktop\Work\Repair\PurityAnalysis"/>
    <property name="java.runtime.version" value="1.8.0_172-b11"/>
    <property name="java.awt.graphicsenv" value="sun.awt.Win32GraphicsEnvironment"/>
    <property name="java.endorsed.dirs" value="F:\java\jdk1.8.0_172\jre\lib\endorsed"/>
    <property name="os.arch" value="amd64"/>
    <property name="java.io.tmpdir" value="C:\Users\Ouyang\AppData\Local\Temp\"/>
    <property name="line.separator" value="
"/>
    <property name="java.vm.specification.vendor" value="Oracle Corporation"/>
    <property name="user.variant" value=""/>
    <property name="os.name" value="Windows 10"/>
    <property name="maven.ext.class.path" value="F:\JetBrains\IntelliJ IDEA 2020.3.3\plugins\maven\lib\maven-event-listener.jar"/>
    <property name="classworlds.conf" value="F:\apache-maven-3.6.0\bin\m2.conf"/>
    <property name="sun.jnu.encoding" value="GBK"/>
    <property name="java.library.path" value="F:\java\jdk1.8.0_172\bin;C:\WINDOWS\Sun\Java\bin;C:\WINDOWS\system32;C:\WINDOWS;D:\Tools\FFmpeg\bin;F:\Tools\apache-ant-1.10.7\bin;C:\Program Files (x86)\Common Files\Oracle\Java\javapath;C:\ProgramData\Oracle\Java\javapath;C:\Program Files (x86)\Intel\Intel(R) Management Engine Components\iCLS\;C:\Program Files\Intel\Intel(R) Management Engine Components\iCLS\;C:\windows\system32;C:\windows;C:\windows\System32\Wbem;C:\windows\System32\WindowsPowerShell\v1.0\;C:\Program Files (x86)\NVIDIA Corporation\PhysX\Common;C:\Program Files (x86)\Intel\Intel(R) Management Engine Components\DAL;C:\Program Files\Intel\Intel(R) Management Engine Components\DAL;C:\Program Files (x86)\Intel\Intel(R) Management Engine Components\IPT;C:\Program Files\Intel\Intel(R) Management Engine Components\IPT;C:\WINDOWS\system32;C:\WINDOWS;C:\WINDOWS\System32\Wbem;C:\WINDOWS\System32\WindowsPowerShell\v1.0\;C:\WINDOWS\System32\OpenSSH\;F:\java\jdk1.8.0_172\bin;F:\java\jdk1.8.0_172\jre\bin;D:\工具\android-sdk-windows\platform-tools;C;\Program Files\Microsoft SQL Server\110\Tools\Binn\;C:\Program Files (x86)\GtkSharp\2.12\bin;F:\Microsoft VS Code\bin;D:\工具\Tomcat 9.0\bin;C:\Program Files\MySQL\MySQL Server 8.0\bin;F:\Git\cmd;F:\MiKTeX\miktex\bin\x64\;F:\MiKTeX 2.9\miktex\bin\x64\;F:\mysql-5.7.24-winx64\bin;F:\apache-maven-3.6.0\bin;C:\Program Files\NVIDIA Corporation\NVIDIA NvDLISR;F:\CMake\bin;F:\Python37;F:\Python27;F:\MinGW\bin;F:\Python36;F:\MATLAB_\R2018a\bin;C:\Program Files\NVIDIA GPU Computing Toolkit\CUDA\v9.2\lib\x64;%CUDA_SDK_LIB_PATH%;%CUDA_SDK_BIN_PATH%;C:\Windows\Microsoft.NET\Framework\v4.0.30319;F:\Microsoft Visual Studio\2017\Community\VC\Tools\MSVC\14.15.26726\bin\Hostx64\x64;F:\Hugo\bin;F:\java\jdk1.8.0_172;F:\LLVM\bin;F:\cygwin64\bin;C:\Program Files\Common Files\Oracle\Java\javapath;F:\nodejs\;F:\Python36\Scripts\;F:\Python36\;F:\Python37\Scripts\;F:\Python37\;C:\Users\Ouyang\AppData\Local\Microsoft\WindowsApps;C:\Users\Ouyang\AppData\;C:\Program Files (x86)\GitExtensions\;C:\WINDOWS\system32;C:\WINDOWS;C:\WINDOWS\System32\Wbem;C:\WINDOWS\System32\WindowsPowerShell\v1.0\;C:\WINDOWS\System32\OpenSSH\;F:\Strawberry\c\bin;F:\Strawberry\perl\site\bin;F:\Strawberry\perl\bin;F:\Python36\Scripts\;F:\Python36\;F:\Python37\Scripts\;F:\Python37\;C:\Users\Ouyang\AppData\Local\Microsoft\WindowsApps;F:\Microsoft VS Code\bin;C:\Users\Ouyang\AppData\Local\Microsoft\WindowsApps;C:\Users\Ouyang\AppData\Local\GitHubDesktop\bin;C:\Users\Ouyang\AppData\Roaming\npm;;."/>
    <property name="maven.conf" value="F:\apache-maven-3.6.0/conf"/>
    <property name="java.specification.name" value="Java Platform API Specification"/>
    <property name="java.class.version" value="52.0"/>
    <property name="sun.management.compiler" value="HotSpot 64-Bit Tiered Compilers"/>
    <property name="maven.repo.local" value="F:\apache-maven-3.6.0\repository"/>
    <property name="os.version" value="10.0"/>
    <property name="user.home" value="C:\Users\Ouyang"/>
    <property name="user.timezone" value="America/Chicago"/>
    <property name="java.awt.printerjob" value="sun.awt.windows.WPrinterJob"/>
    <property name="java.specification.version" value="1.8"/>
    <property name="file.encoding" value="UTF-8"/>
    <property name="user.name" value="欧阳奕成"/>
    <property name="java.class.path" value="F:\apache-maven-3.6.0\boot\plexus-classworlds-2.5.2.jar;F:\JetBrains\IntelliJ IDEA 2020.3.3\lib\idea_rt.jar"/>
    <property name="java.vm.specification.version" value="1.8"/>
    <property name="sun.arch.data.model" value="64"/>
    <property name="java.home" value="F:\java\jdk1.8.0_172\jre"/>
    <property name="sun.java.command" value="org.codehaus.classworlds.Launcher -Didea.version=2020.3.3 -s F:\apache-maven-3.6.0\conf\settings.xml -Dmaven.repo.local=F:\apache-maven-3.6.0\repository install"/>
    <property name="java.specification.vendor" value="Oracle Corporation"/>
    <property name="user.language" value="zh"/>
    <property name="awt.toolkit" value="sun.awt.windows.WToolkit"/>
    <property name="java.vm.info" value="mixed mode"/>
    <property name="java.version" value="1.8.0_172"/>
    <property name="java.ext.dirs" value="F:\java\jdk1.8.0_172\jre\lib\ext;C:\WINDOWS\Sun\Java\lib\ext"/>
    <property name="sun.boot.class.path" value="F:\java\jdk1.8.0_172\jre\lib\resources.jar;F:\java\jdk1.8.0_172\jre\lib\rt.jar;F:\java\jdk1.8.0_172\jre\lib\sunrsasign.jar;F:\java\jdk1.8.0_172\jre\lib\jsse.jar;F:\java\jdk1.8.0_172\jre\lib\jce.jar;F:\java\jdk1.8.0_172\jre\lib\charsets.jar;F:\java\jdk1.8.0_172\jre\lib\jfr.jar;F:\java\jdk1.8.0_172\jre\classes"/>
    <property name="java.vendor" value="Oracle Corporation"/>
    <property name="maven.home" value="F:\apache-maven-3.6.0"/>
    <property name="file.separator" value="\"/>
    <property name="java.vendor.url.bug" value="http://bugreport.sun.com/bugreport/"/>
    <property name="sun.cpu.endian" value="little"/>
    <property name="sun.io.unicode.encoding" value="UnicodeLittle"/>
    <property name="sun.desktop" value="windows"/>
    <property name="sun.cpu.isalist" value="amd64"/>
  </properties>
</testsuite>